<?xml version="1.0" encoding="UTF-8"?>
<testng-results ignored="0" total="2" passed="2" failed="0" skipped="0">
  <reporter-output>
  </reporter-output>
  <suite started-at="2022-04-24T02:50:49Z" name="BankingApp" finished-at="2022-04-24T02:52:06Z" duration-ms="76631">
    <groups>
    </groups>
    <test started-at="2022-04-24T02:50:49Z" name="Test" finished-at="2022-04-24T02:52:06Z" duration-ms="76631">
      <class name="com.inetbankingV1.testcases.TC01_LoginTest">
        <test-method is-config="true" signature="setup()[pri:0, instance:com.inetbankingV1.testcases.TC01_LoginTest@175b9425]" started-at="2022-04-24T02:50:50Z" name="setup" finished-at="2022-04-24T02:51:15Z" duration-ms="25416" status="PASS">
          <reporter-output>
          </reporter-output>
        </test-method> <!-- setup -->
        <test-method signature="LoginTest(java.lang.String, java.lang.String)[pri:0, instance:com.inetbankingV1.testcases.TC01_LoginTest@175b9425]" started-at="2022-04-24T02:51:17Z" name="LoginTest" data-provider="dp" finished-at="2022-04-24T02:51:25Z" duration-ms="7602" status="PASS">
          <params>
            <param index="0">
              <value>
                <![CDATA[mngr397760]]>
              </value>
            </param>
            <param index="1">
              <value>
                <![CDATA[Eqyvyta]]>
              </value>
            </param>
          </params>
          <reporter-output>
          </reporter-output>
        </test-method> <!-- LoginTest -->
        <test-method is-config="true" signature="tearDown()[pri:0, instance:com.inetbankingV1.testcases.TC01_LoginTest@175b9425]" started-at="2022-04-24T02:51:25Z" name="tearDown" finished-at="2022-04-24T02:51:26Z" duration-ms="839" status="PASS">
          <reporter-output>
          </reporter-output>
        </test-method> <!-- tearDown -->
      </class> <!-- com.inetbankingV1.testcases.TC01_LoginTest -->
      <class name="com.inetbankingV1.testcases.TC_AddCustomerTest_003">
        <test-method is-config="true" signature="setup()[pri:0, instance:com.inetbankingV1.testcases.TC_AddCustomerTest_003@3098cf3b]" started-at="2022-04-24T02:51:26Z" name="setup" finished-at="2022-04-24T02:51:41Z" duration-ms="15005" status="PASS">
          <reporter-output>
          </reporter-output>
        </test-method> <!-- setup -->
        <test-method signature="addcustomer()[pri:0, instance:com.inetbankingV1.testcases.TC_AddCustomerTest_003@3098cf3b]" started-at="2022-04-24T02:51:41Z" name="addcustomer" finished-at="2022-04-24T02:52:05Z" duration-ms="24070" status="PASS">
          <reporter-output>
          </reporter-output>
        </test-method> <!-- addcustomer -->
        <test-method is-config="true" signature="tearDown()[pri:0, instance:com.inetbankingV1.testcases.TC_AddCustomerTest_003@3098cf3b]" started-at="2022-04-24T02:52:05Z" name="tearDown" finished-at="2022-04-24T02:52:06Z" duration-ms="751" status="PASS">
          <reporter-output>
          </reporter-output>
        </test-method> <!-- tearDown -->
      </class> <!-- com.inetbankingV1.testcases.TC_AddCustomerTest_003 -->
    </test> <!-- Test -->
  </suite> <!-- BankingApp -->
</testng-results>
