<?xml version="1.0" encoding="UTF-8"?>
<testng-results ignored="0" total="2" passed="2" failed="0" skipped="0">
  <reporter-output>
  </reporter-output>
  <suite started-at="2022-04-25T13:12:26Z" name="BankingApp" finished-at="2022-04-25T13:13:53Z" duration-ms="87107">
    <groups>
    </groups>
    <test started-at="2022-04-25T13:12:26Z" name="Test" finished-at="2022-04-25T13:13:53Z" duration-ms="87107">
      <class name="com.inetbankingV1.testcases.TC01_LoginTest">
        <test-method is-config="true" signature="setup()[pri:0, instance:com.inetbankingV1.testcases.TC01_LoginTest@175b9425]" started-at="2022-04-25T13:12:27Z" name="setup" finished-at="2022-04-25T13:12:55Z" duration-ms="28249" status="PASS">
          <reporter-output>
          </reporter-output>
        </test-method> <!-- setup -->
        <test-method signature="LoginTest(java.lang.String, java.lang.String)[pri:0, instance:com.inetbankingV1.testcases.TC01_LoginTest@175b9425]" started-at="2022-04-25T13:13:03Z" name="LoginTest" data-provider="dp" finished-at="2022-04-25T13:13:12Z" duration-ms="9107" status="PASS">
          <params>
            <param index="0">
              <value>
                <![CDATA[mngr397760]]>
              </value>
            </param>
            <param index="1">
              <value>
                <![CDATA[Eqyvyta]]>
              </value>
            </param>
          </params>
          <reporter-output>
          </reporter-output>
        </test-method> <!-- LoginTest -->
        <test-method is-config="true" signature="tearDown()[pri:0, instance:com.inetbankingV1.testcases.TC01_LoginTest@175b9425]" started-at="2022-04-25T13:13:12Z" name="tearDown" finished-at="2022-04-25T13:13:14Z" duration-ms="1185" status="PASS">
          <reporter-output>
          </reporter-output>
        </test-method> <!-- tearDown -->
      </class> <!-- com.inetbankingV1.testcases.TC01_LoginTest -->
      <class name="com.inetbankingV1.testcases.TC_AddCustomerTest_003">
        <test-method is-config="true" signature="setup()[pri:0, instance:com.inetbankingV1.testcases.TC_AddCustomerTest_003@3098cf3b]" started-at="2022-04-25T13:13:14Z" name="setup" finished-at="2022-04-25T13:13:27Z" duration-ms="13857" status="PASS">
          <reporter-output>
          </reporter-output>
        </test-method> <!-- setup -->
        <test-method signature="addcustomer()[pri:0, instance:com.inetbankingV1.testcases.TC_AddCustomerTest_003@3098cf3b]" started-at="2022-04-25T13:13:27Z" name="addcustomer" finished-at="2022-04-25T13:13:51Z" duration-ms="23859" status="PASS">
          <reporter-output>
          </reporter-output>
        </test-method> <!-- addcustomer -->
        <test-method is-config="true" signature="tearDown()[pri:0, instance:com.inetbankingV1.testcases.TC_AddCustomerTest_003@3098cf3b]" started-at="2022-04-25T13:13:51Z" name="tearDown" finished-at="2022-04-25T13:13:53Z" duration-ms="1824" status="PASS">
          <reporter-output>
          </reporter-output>
        </test-method> <!-- tearDown -->
      </class> <!-- com.inetbankingV1.testcases.TC_AddCustomerTest_003 -->
    </test> <!-- Test -->
  </suite> <!-- BankingApp -->
</testng-results>
